============================= test session starts =============================
platform win32 -- Python 3.14.5, pytest-9.0.3, pluggy-1.6.0 -- C:\Users\admin\AppData\Local\Python\pythoncore-3.14-64\python.exe
cachedir: .pytest_cache
hypothesis profile 'default'
rootdir: C:\Users\admin\Documents\GitHub\EPQ-master
plugins: hypothesis-6.155.1
collecting ... collected 54 items

src/gov/nist/microanalysis/PyEPQ/Utility/tests/test_parity_adaptiverungekutta.py::TestConstruction::test_nVariables_stored PASSED [  1%]
src/gov/nist/microanalysis/PyEPQ/Utility/tests/test_parity_adaptiverungekutta.py::TestConstruction::test_nVariables_single PASSED [  3%]
src/gov/nist/microanalysis/PyEPQ/Utility/tests/test_parity_adaptiverungekutta.py::TestConstruction::test_nVariables_large PASSED [  5%]
src/gov/nist/microanalysis/PyEPQ/Utility/tests/test_parity_adaptiverungekutta.py::TestConstruction::test_initial_nSaved_zero PASSED [  7%]
src/gov/nist/microanalysis/PyEPQ/Utility/tests/test_parity_adaptiverungekutta.py::TestConstruction::test_initial_step_counts_zero PASSED [  9%]
src/gov/nist/microanalysis/PyEPQ/Utility/tests/test_parity_adaptiverungekutta.py::TestConstruction::test_workspace_fields_none PASSED [ 11%]
src/gov/nist/microanalysis/PyEPQ/Utility/tests/test_parity_adaptiverungekutta.py::TestSinCosODE::test_final_y0_close_to_one PASSED [ 12%]
src/gov/nist/microanalysis/PyEPQ/Utility/tests/test_parity_adaptiverungekutta.py::TestSinCosODE::test_final_y1_close_to_zero PASSED [ 14%]
src/gov/nist/microanalysis/PyEPQ/Utility/tests/test_parity_adaptiverungekutta.py::TestSinCosODE::test_ystart_mutated_in_place PASSED [ 16%]
src/gov/nist/microanalysis/PyEPQ/Utility/tests/test_parity_adaptiverungekutta.py::TestSinCosODE::test_sum_err_criterion_scipy PASSED [ 18%]
src/gov/nist/microanalysis/PyEPQ/Utility/tests/test_parity_adaptiverungekutta.py::TestSinCosODE::test_step_count_positive_after_integrate PASSED [ 20%]
src/gov/nist/microanalysis/PyEPQ/Utility/tests/test_parity_adaptiverungekutta.py::TestSinCosODE::test_good_plus_bad_equals_total PASSED [ 22%]
src/gov/nist/microanalysis/PyEPQ/Utility/tests/test_parity_adaptiverungekutta.py::TestSinCosODE::test_workspace_cleared_after_integrate PASSED [ 24%]
src/gov/nist/microanalysis/PyEPQ/Utility/tests/test_parity_adaptiverungekutta.py::TestExponentialODE::test_growth_alpha_1 PASSED [ 25%]
src/gov/nist/microanalysis/PyEPQ/Utility/tests/test_parity_adaptiverungekutta.py::TestExponentialODE::test_decay_alpha_neg1 PASSED [ 27%]
src/gov/nist/microanalysis/PyEPQ/Utility/tests/test_parity_adaptiverungekutta.py::TestExponentialODE::test_large_alpha PASSED [ 29%]
src/gov/nist/microanalysis/PyEPQ/Utility/tests/test_parity_adaptiverungekutta.py::TestExponentialODE::test_small_range PASSED [ 31%]
src/gov/nist/microanalysis/PyEPQ/Utility/tests/test_parity_adaptiverungekutta.py::TestExponentialODE::test_single_variable_nVariables PASSED [ 33%]
src/gov/nist/microanalysis/PyEPQ/Utility/tests/test_parity_adaptiverungekutta.py::TestSaveInterval::test_nSaved_positive_when_interval_set PASSED [ 35%]
src/gov/nist/microanalysis/PyEPQ/Utility/tests/test_parity_adaptiverungekutta.py::TestSaveInterval::test_nSaved_zero_without_save_interval PASSED [ 37%]
src/gov/nist/microanalysis/PyEPQ/Utility/tests/test_parity_adaptiverungekutta.py::TestSaveInterval::test_saved_x_values_in_integration_range PASSED [ 38%]
src/gov/nist/microanalysis/PyEPQ/Utility/tests/test_parity_adaptiverungekutta.py::TestSaveInterval::test_saved_y_matches_analytical PASSED [ 40%]
src/gov/nist/microanalysis/PyEPQ/Utility/tests/test_parity_adaptiverungekutta.py::TestSaveInterval::test_saved_y_array_length PASSED [ 42%]
src/gov/nist/microanalysis/PyEPQ/Utility/tests/test_parity_adaptiverungekutta.py::TestSaveInterval::test_clearSaveInterval_disables_saving PASSED [ 44%]
src/gov/nist/microanalysis/PyEPQ/Utility/tests/test_parity_adaptiverungekutta.py::TestSaveInterval::test_save_interval_absolute_value PASSED [ 46%]
src/gov/nist/microanalysis/PyEPQ/Utility/tests/test_parity_adaptiverungekutta.py::TestStepCounters::test_total_step_count_is_sum PASSED [ 48%]
src/gov/nist/microanalysis/PyEPQ/Utility/tests/test_parity_adaptiverungekutta.py::TestStepCounters::test_step_count_positive PASSED [ 50%]
src/gov/nist/microanalysis/PyEPQ/Utility/tests/test_parity_adaptiverungekutta.py::TestStepCounters::test_step_counters_reset_on_new_integrate PASSED [ 51%]
src/gov/nist/microanalysis/PyEPQ/Utility/tests/test_parity_adaptiverungekutta.py::TestAccessors::test_setMinStepSize_stored PASSED [ 53%]
src/gov/nist/microanalysis/PyEPQ/Utility/tests/test_parity_adaptiverungekutta.py::TestAccessors::test_setMinStepSize_absolute PASSED [ 55%]
src/gov/nist/microanalysis/PyEPQ/Utility/tests/test_parity_adaptiverungekutta.py::TestAccessors::test_setMaxSteps_stored PASSED [ 57%]
src/gov/nist/microanalysis/PyEPQ/Utility/tests/test_parity_adaptiverungekutta.py::TestAccessors::test_setSaveInterval_stored PASSED [ 59%]
src/gov/nist/microanalysis/PyEPQ/Utility/tests/test_parity_adaptiverungekutta.py::TestAccessors::test_clearSaveInterval_resets_to_sentinel PASSED [ 61%]
src/gov/nist/microanalysis/PyEPQ/Utility/tests/test_parity_adaptiverungekutta.py::TestExceptions::test_too_many_steps_raises PASSED [ 62%]
src/gov/nist/microanalysis/PyEPQ/Utility/tests/test_parity_adaptiverungekutta.py::TestExceptions::test_min_step_size_raises PASSED [ 64%]
src/gov/nist/microanalysis/PyEPQ/Utility/tests/test_parity_adaptiverungekutta.py::TestExceptions::test_negative_range_integrates_backwards_literal PASSED [ 66%]
src/gov/nist/microanalysis/PyEPQ/Utility/tests/test_parity_adaptiverungekutta.py::TestExceptions::test_negative_range_integrates_backwards_scipy PASSED [ 68%]
src/gov/nist/microanalysis/PyEPQ/Utility/tests/test_parity_adaptiverungekutta.py::TestExceptions::test_utilexception_is_raised_type PASSED [ 70%]
src/gov/nist/microanalysis/PyEPQ/Utility/tests/test_parity_adaptiverungekutta.py::TestHypothesis::test_sincos_final_values_finite PASSED [ 72%]
src/gov/nist/microanalysis/PyEPQ/Utility/tests/test_parity_adaptiverungekutta.py::TestHypothesis::test_exponential_final_value_finite PASSED [ 74%]
src/gov/nist/microanalysis/PyEPQ/Utility/tests/test_parity_adaptiverungekutta.py::TestHypothesis::test_sincos_step_counts_consistent PASSED [ 75%]
src/gov/nist/microanalysis/PyEPQ/Utility/tests/test_parity_adaptiverungekutta.py::TestLiteralPortCorrectness::test_sincos_final_y0 PASSED [ 77%]
src/gov/nist/microanalysis/PyEPQ/Utility/tests/test_parity_adaptiverungekutta.py::TestLiteralPortCorrectness::test_sincos_final_y1 PASSED [ 79%]
src/gov/nist/microanalysis/PyEPQ/Utility/tests/test_parity_adaptiverungekutta.py::TestLiteralPortCorrectness::test_java_sum_err_criterion PASSED [ 81%]
src/gov/nist/microanalysis/PyEPQ/Utility/tests/test_parity_adaptiverungekutta.py::TestLiteralPortCorrectness::test_exponential_decay PASSED [ 83%]
src/gov/nist/microanalysis/PyEPQ/Utility/tests/test_parity_adaptiverungekutta.py::TestLiteralPortCorrectness::test_mHDid_set_after_integrate PASSED [ 85%]
src/gov/nist/microanalysis/PyEPQ/Utility/tests/test_parity_adaptiverungekutta.py::TestLiteralPortCorrectness::test_mHNext_set_after_integrate PASSED [ 87%]
src/gov/nist/microanalysis/PyEPQ/Utility/tests/test_parity_adaptiverungekutta.py::TestLiteralPortCorrectness::test_step_count_ok_plus_bad PASSED [ 88%]
src/gov/nist/microanalysis/PyEPQ/Utility/tests/test_parity_adaptiverungekutta.py::TestLiteralPortCorrectness::test_threshold_save_interval PASSED [ 90%]
src/gov/nist/microanalysis/PyEPQ/Utility/tests/test_parity_adaptiverungekutta.py::TestCrossCheck::test_sincos_final_values_agree PASSED [ 92%]
src/gov/nist/microanalysis/PyEPQ/Utility/tests/test_parity_adaptiverungekutta.py::TestCrossCheck::test_exponential_final_value_agrees PASSED [ 94%]
src/gov/nist/microanalysis/PyEPQ/Utility/tests/test_parity_adaptiverungekutta.py::TestCrossCheck::test_backwards_integration_agrees PASSED [ 96%]
src/gov/nist/microanalysis/PyEPQ/Utility/tests/test_parity_adaptiverungekutta.py::TestCrossCheck::test_sincos_hypothesis_agrees PASSED [ 98%]
src/gov/nist/microanalysis/PyEPQ/Utility/tests/test_parity_adaptiverungekutta.py::TestAdaptiveRungeKuttaParity::test_skipped_placeholder SKIPPED [100%]

======================== 53 passed, 1 skipped in 1.96s ========================
